<?xml version="1.0" encoding="UTF-8"?>
<testng-results skipped="0" failed="0" ignored="0" total="10" passed="10">
  <reporter-output>
  </reporter-output>
  <suite name="Default suite" duration-ms="91595" started-at="2018-04-01T05:52:48Z" finished-at="2018-04-01T05:54:19Z">
    <groups>
    </groups>
    <test name="Default test" duration-ms="91595" started-at="2018-04-01T05:52:48Z" finished-at="2018-04-01T05:54:19Z">
      <class name="gmailLogin">
        <test-method status="PASS" signature="beforeClass()[pri:0, instance:gmailLogin@5c3bd550]" name="beforeClass" is-config="true" duration-ms="55744" started-at="2018-04-01T05:52:48Z" finished-at="2018-04-01T05:53:44Z">
          <reporter-output>
          </reporter-output>
        </test-method> <!-- beforeClass -->
        <test-method status="PASS" signature="fbLoginLogout(java.lang.String, java.lang.String)[pri:0, instance:gmailLogin@5c3bd550]" name="fbLoginLogout" duration-ms="3539" started-at="2018-04-01T05:53:45Z" data-provider="testdatasetexcel" finished-at="2018-04-01T05:53:48Z">
          <params>
            <param index="0">
              <value>
                <![CDATA[user1@email.com]]>
              </value>
            </param>
            <param index="1">
              <value>
                <![CDATA[password1]]>
              </value>
            </param>
          </params>
          <reporter-output>
          </reporter-output>
        </test-method> <!-- fbLoginLogout -->
        <test-method status="PASS" signature="fbLoginLogout(java.lang.String, java.lang.String)[pri:0, instance:gmailLogin@5c3bd550]" name="fbLoginLogout" duration-ms="3390" started-at="2018-04-01T05:53:48Z" data-provider="testdatasetexcel" finished-at="2018-04-01T05:53:52Z">
          <params>
            <param index="0">
              <value>
                <![CDATA[user2@emailcom]]>
              </value>
            </param>
            <param index="1">
              <value>
                <![CDATA[password2]]>
              </value>
            </param>
          </params>
          <reporter-output>
          </reporter-output>
        </test-method> <!-- fbLoginLogout -->
        <test-method status="PASS" signature="fbLoginLogout(java.lang.String, java.lang.String)[pri:0, instance:gmailLogin@5c3bd550]" name="fbLoginLogout" duration-ms="3390" started-at="2018-04-01T05:53:52Z" data-provider="testdatasetexcel" finished-at="2018-04-01T05:53:55Z">
          <params>
            <param index="0">
              <value>
                <![CDATA[user2@emailcom]]>
              </value>
            </param>
            <param index="1">
              <value>
                <![CDATA[password3]]>
              </value>
            </param>
          </params>
          <reporter-output>
          </reporter-output>
        </test-method> <!-- fbLoginLogout -->
        <test-method status="PASS" signature="fbLoginLogout(java.lang.String, java.lang.String)[pri:0, instance:gmailLogin@5c3bd550]" name="fbLoginLogout" duration-ms="3432" started-at="2018-04-01T05:53:55Z" data-provider="testdatasetexcel" finished-at="2018-04-01T05:53:58Z">
          <params>
            <param index="0">
              <value>
                <![CDATA[user2@emailcom]]>
              </value>
            </param>
            <param index="1">
              <value>
                <![CDATA[password4]]>
              </value>
            </param>
          </params>
          <reporter-output>
          </reporter-output>
        </test-method> <!-- fbLoginLogout -->
        <test-method status="PASS" signature="fbLoginLogout(java.lang.String, java.lang.String)[pri:0, instance:gmailLogin@5c3bd550]" name="fbLoginLogout" duration-ms="3363" started-at="2018-04-01T05:53:58Z" data-provider="testdatasetexcel" finished-at="2018-04-01T05:54:02Z">
          <params>
            <param index="0">
              <value>
                <![CDATA[user2@emailcom]]>
              </value>
            </param>
            <param index="1">
              <value>
                <![CDATA[password5]]>
              </value>
            </param>
          </params>
          <reporter-output>
          </reporter-output>
        </test-method> <!-- fbLoginLogout -->
        <test-method status="PASS" signature="fbLoginLogout(java.lang.String, java.lang.String)[pri:0, instance:gmailLogin@5c3bd550]" name="fbLoginLogout" duration-ms="3461" started-at="2018-04-01T05:54:02Z" data-provider="testdatasetexcel" finished-at="2018-04-01T05:54:05Z">
          <params>
            <param index="0">
              <value>
                <![CDATA[user2@emailcom]]>
              </value>
            </param>
            <param index="1">
              <value>
                <![CDATA[password6]]>
              </value>
            </param>
          </params>
          <reporter-output>
          </reporter-output>
        </test-method> <!-- fbLoginLogout -->
        <test-method status="PASS" signature="fbLoginLogout(java.lang.String, java.lang.String)[pri:0, instance:gmailLogin@5c3bd550]" name="fbLoginLogout" duration-ms="3468" started-at="2018-04-01T05:54:05Z" data-provider="testdatasetexcel" finished-at="2018-04-01T05:54:09Z">
          <params>
            <param index="0">
              <value>
                <![CDATA[user2@emailcom]]>
              </value>
            </param>
            <param index="1">
              <value>
                <![CDATA[password7]]>
              </value>
            </param>
          </params>
          <reporter-output>
          </reporter-output>
        </test-method> <!-- fbLoginLogout -->
        <test-method status="PASS" signature="fbLoginLogout(java.lang.String, java.lang.String)[pri:0, instance:gmailLogin@5c3bd550]" name="fbLoginLogout" duration-ms="3266" started-at="2018-04-01T05:54:09Z" data-provider="testdatasetexcel" finished-at="2018-04-01T05:54:12Z">
          <params>
            <param index="0">
              <value>
                <![CDATA[user2@emailcom]]>
              </value>
            </param>
            <param index="1">
              <value>
                <![CDATA[password8]]>
              </value>
            </param>
          </params>
          <reporter-output>
          </reporter-output>
        </test-method> <!-- fbLoginLogout -->
        <test-method status="PASS" signature="fbLoginLogout(java.lang.String, java.lang.String)[pri:0, instance:gmailLogin@5c3bd550]" name="fbLoginLogout" duration-ms="3263" started-at="2018-04-01T05:54:12Z" data-provider="testdatasetexcel" finished-at="2018-04-01T05:54:15Z">
          <params>
            <param index="0">
              <value>
                <![CDATA[user2@emailcom]]>
              </value>
            </param>
            <param index="1">
              <value>
                <![CDATA[password9]]>
              </value>
            </param>
          </params>
          <reporter-output>
          </reporter-output>
        </test-method> <!-- fbLoginLogout -->
        <test-method status="PASS" signature="fbLoginLogout(java.lang.String, java.lang.String)[pri:0, instance:gmailLogin@5c3bd550]" name="fbLoginLogout" duration-ms="3297" started-at="2018-04-01T05:54:15Z" data-provider="testdatasetexcel" finished-at="2018-04-01T05:54:19Z">
          <params>
            <param index="0">
              <value>
                <![CDATA[user2@emailcom]]>
              </value>
            </param>
            <param index="1">
              <value>
                <![CDATA[password10]]>
              </value>
            </param>
          </params>
          <reporter-output>
          </reporter-output>
        </test-method> <!-- fbLoginLogout -->
        <test-method status="PASS" signature="afterClass()[pri:0, instance:gmailLogin@5c3bd550]" name="afterClass" is-config="true" duration-ms="925" started-at="2018-04-01T05:54:19Z" finished-at="2018-04-01T05:54:19Z">
          <reporter-output>
          </reporter-output>
        </test-method> <!-- afterClass -->
      </class> <!-- gmailLogin -->
    </test> <!-- Default test -->
  </suite> <!-- Default suite -->
</testng-results>
